2021-06-01 03:38:05 [10.0.2.2][-][-][warning][yii\debug\Module::checkAccess] Access to debugger is denied due to IP address restriction. The requesting IP address is 10.0.2.2
2021-06-01 03:38:05 [10.0.2.2][-][-][info][application] $_GET = []

$_POST = []

$_FILES = []

$_COOKIE = [
    'BACKEND_FEEHICMS' => 'mmsr139bhj9td9em7uj6bmd51l'
    '_csrf_backend' => '3e23550e1741a31e551f8cdd67d85c33f1561a5ef91a03f5fc16928b3a4aa842a:2:{i:0;s:13:\"_csrf_backend\";i:1;s:32:\"KilcyV8tNAAgB9Fy0sMqvVbtFmAjjZWN\";}'
    'PHPSESSID' => 'tn692id3t7vkehg82s9jg6ho41'
    '_csrf' => 'b395a3a8d302cc514759f9dbec0ed7d1aac9bef150b1868ceab86bcc1e643fa3a:2:{i:0;s:5:\"_csrf\";i:1;s:32:\"eddzX7kHcoyGmqpYwD8csQ_opSVFwOvd\";}'
]

$_SERVER = [
    'USER' => 'apache'
    'HOME' => '/usr/share/httpd'
    'HTTP_COOKIE' => 'BACKEND_FEEHICMS=mmsr139bhj9td9em7uj6bmd51l; _csrf_backend=3e23550e1741a31e551f8cdd67d85c33f1561a5ef91a03f5fc16928b3a4aa842a%3A2%3A%7Bi%3A0%3Bs%3A13%3A%22_csrf_backend%22%3Bi%3A1%3Bs%3A32%3A%22KilcyV8tNAAgB9Fy0sMqvVbtFmAjjZWN%22%3B%7D; PHPSESSID=tn692id3t7vkehg82s9jg6ho41; _csrf=b395a3a8d302cc514759f9dbec0ed7d1aac9bef150b1868ceab86bcc1e643fa3a%3A2%3A%7Bi%3A0%3Bs%3A5%3A%22_csrf%22%3Bi%3A1%3Bs%3A32%3A%22eddzX7kHcoyGmqpYwD8csQ_opSVFwOvd%22%3B%7D'
    'HTTP_ACCEPT_LANGUAGE' => 'zh-CN,zh;q=0.9'
    'HTTP_ACCEPT_ENCODING' => 'gzip, deflate'
    'HTTP_REFERER' => 'http://192.168.31.80:8080/'
    'HTTP_USER_AGENT' => 'Mozilla/5.0 (Windows NT 10.0; Win64; x64) AppleWebKit/537.36 (KHTML, like Gecko) Chrome/90.0.4430.212 Safari/537.36'
    'HTTP_ACCEPT' => 'application/json, text/plain, */*'
    'HTTP_CONNECTION' => 'keep-alive'
    'HTTP_HOST' => '192.168.31.80:8080'
    'SCRIPT_FILENAME' => '/vagrant/www/web/feehi/api/web/index.php'
    'REDIRECT_STATUS' => '200'
    'SERVER_NAME' => 'local.api.com'
    'SERVER_PORT' => '80'
    'SERVER_ADDR' => '10.0.2.15'
    'REMOTE_PORT' => '50425'
    'REMOTE_ADDR' => '10.0.2.2'
    'SERVER_SOFTWARE' => 'nginx/1.20.0'
    'GATEWAY_INTERFACE' => 'CGI/1.1'
    'REQUEST_SCHEME' => 'http'
    'SERVER_PROTOCOL' => 'HTTP/1.1'
    'DOCUMENT_ROOT' => '/vagrant/www/web/feehi/api/web'
    'DOCUMENT_URI' => '/index.php'
    'REQUEST_URI' => '/site/vue'
    'SCRIPT_NAME' => '/index.php'
    'CONTENT_LENGTH' => ''
    'CONTENT_TYPE' => ''
    'REQUEST_METHOD' => 'GET'
    'QUERY_STRING' => ''
    'FCGI_ROLE' => 'RESPONDER'
    'PHP_SELF' => '/index.php'
    'REQUEST_TIME_FLOAT' => 1622518685.0192
    'REQUEST_TIME' => 1622518685
]
