2021-05-18 02:27:22 [10.0.2.2][-][-][warning][yii\debug\Module::checkAccess] Access to debugger is denied due to IP address restriction. The requesting IP address is 10.0.2.2
2021-05-18 02:27:21 [10.0.2.2][-][-][info][application] $_GET = [
    'r' => 'articles'
]

$_POST = []

$_FILES = []

$_COOKIE = [
    'PHPSESSID' => 'esmo5ridtfhgidis8t1o694rf9'
    '_csrf' => 'da4d92628e85bf96cf312b7d17125d15a728ee67013bc9fd2b5df4c6ed9fc56ba:2:{i:0;s:5:\"_csrf\";i:1;s:32:\"LkloJW5FSKh2aqX_NHU_zasX6cYU67ug\";}'
]

$_SERVER = [
    'USER' => 'apache'
    'HOME' => '/usr/share/httpd'
    'HTTP_COOKIE' => 'PHPSESSID=esmo5ridtfhgidis8t1o694rf9; _csrf=da4d92628e85bf96cf312b7d17125d15a728ee67013bc9fd2b5df4c6ed9fc56ba%3A2%3A%7Bi%3A0%3Bs%3A5%3A%22_csrf%22%3Bi%3A1%3Bs%3A32%3A%22LkloJW5FSKh2aqX_NHU_zasX6cYU67ug%22%3B%7D'
    'HTTP_ACCEPT_LANGUAGE' => 'zh-CN,zh;q=0.9'
    'HTTP_ACCEPT_ENCODING' => 'gzip, deflate'
    'HTTP_ACCEPT' => 'text/html,application/xhtml+xml,application/xml;q=0.9,image/avif,image/webp,image/apng,*/*;q=0.8,application/signed-exchange;v=b3;q=0.9'
    'HTTP_USER_AGENT' => 'Mozilla/5.0 (Windows NT 10.0; Win64; x64) AppleWebKit/537.36 (KHTML, like Gecko) Chrome/90.0.4430.212 Safari/537.36'
    'HTTP_UPGRADE_INSECURE_REQUESTS' => '1'
    'HTTP_CONNECTION' => 'keep-alive'
    'HTTP_HOST' => 'local.feehi.com:8080'
    'SCRIPT_FILENAME' => '/vagrant/www/feehi/frontend/web/api/index.php'
    'REDIRECT_STATUS' => '200'
    'SERVER_NAME' => 'local.feehi.com'
    'SERVER_PORT' => '80'
    'SERVER_ADDR' => '10.0.2.15'
    'REMOTE_PORT' => '53617'
    'REMOTE_ADDR' => '10.0.2.2'
    'SERVER_SOFTWARE' => 'nginx/1.20.0'
    'GATEWAY_INTERFACE' => 'CGI/1.1'
    'REQUEST_SCHEME' => 'http'
    'SERVER_PROTOCOL' => 'HTTP/1.1'
    'DOCUMENT_ROOT' => '/vagrant/www/feehi/frontend/web'
    'DOCUMENT_URI' => '/api/index.php'
    'REQUEST_URI' => '/api/articles'
    'SCRIPT_NAME' => '/api/index.php'
    'CONTENT_LENGTH' => ''
    'CONTENT_TYPE' => ''
    'REQUEST_METHOD' => 'GET'
    'QUERY_STRING' => 'r=articles'
    'FCGI_ROLE' => 'RESPONDER'
    'PHP_SELF' => '/api/index.php'
    'REQUEST_TIME_FLOAT' => 1621304841.7148
    'REQUEST_TIME' => 1621304841
]
2021-05-18 02:48:40 [10.0.2.2][-][-][warning][yii\debug\Module::checkAccess] Access to debugger is denied due to IP address restriction. The requesting IP address is 10.0.2.2
2021-05-18 02:48:40 [10.0.2.2][-][-][info][application] $_GET = [
    'r' => 'articles'
]

$_POST = []

$_FILES = []

$_COOKIE = [
    'PHPSESSID' => 'esmo5ridtfhgidis8t1o694rf9'
    '_csrf' => 'da4d92628e85bf96cf312b7d17125d15a728ee67013bc9fd2b5df4c6ed9fc56ba:2:{i:0;s:5:\"_csrf\";i:1;s:32:\"LkloJW5FSKh2aqX_NHU_zasX6cYU67ug\";}'
    'BACKEND_FEEHICMS' => 'h03lhq0vlgncfp6r68amcd48sh'
    '_csrf_backend' => '237bcda8726fc97063405e7d35870329ed8c06429e8a394cc5ba673c9cbd1dd0a:2:{i:0;s:13:\"_csrf_backend\";i:1;s:32:\"ReDNzvBwP0bfVtWlGcogcUWSI42R6Hya\";}'
]

$_SERVER = [
    'USER' => 'apache'
    'HOME' => '/usr/share/httpd'
    'HTTP_COOKIE' => 'PHPSESSID=esmo5ridtfhgidis8t1o694rf9; _csrf=da4d92628e85bf96cf312b7d17125d15a728ee67013bc9fd2b5df4c6ed9fc56ba%3A2%3A%7Bi%3A0%3Bs%3A5%3A%22_csrf%22%3Bi%3A1%3Bs%3A32%3A%22LkloJW5FSKh2aqX_NHU_zasX6cYU67ug%22%3B%7D; BACKEND_FEEHICMS=h03lhq0vlgncfp6r68amcd48sh; _csrf_backend=237bcda8726fc97063405e7d35870329ed8c06429e8a394cc5ba673c9cbd1dd0a%3A2%3A%7Bi%3A0%3Bs%3A13%3A%22_csrf_backend%22%3Bi%3A1%3Bs%3A32%3A%22ReDNzvBwP0bfVtWlGcogcUWSI42R6Hya%22%3B%7D'
    'HTTP_ACCEPT_LANGUAGE' => 'zh-CN,zh;q=0.9'
    'HTTP_ACCEPT_ENCODING' => 'gzip, deflate'
    'HTTP_ACCEPT' => 'text/html,application/xhtml+xml,application/xml;q=0.9,image/avif,image/webp,image/apng,*/*;q=0.8,application/signed-exchange;v=b3;q=0.9'
    'HTTP_USER_AGENT' => 'Mozilla/5.0 (Windows NT 10.0; Win64; x64) AppleWebKit/537.36 (KHTML, like Gecko) Chrome/90.0.4430.212 Safari/537.36'
    'HTTP_UPGRADE_INSECURE_REQUESTS' => '1'
    'HTTP_CACHE_CONTROL' => 'max-age=0'
    'HTTP_CONNECTION' => 'keep-alive'
    'HTTP_HOST' => 'local.feehi.com:8080'
    'SCRIPT_FILENAME' => '/vagrant/www/feehi/frontend/web/api/index.php'
    'REDIRECT_STATUS' => '200'
    'SERVER_NAME' => 'local.feehi.com'
    'SERVER_PORT' => '80'
    'SERVER_ADDR' => '10.0.2.15'
    'REMOTE_PORT' => '54189'
    'REMOTE_ADDR' => '10.0.2.2'
    'SERVER_SOFTWARE' => 'nginx/1.20.0'
    'GATEWAY_INTERFACE' => 'CGI/1.1'
    'REQUEST_SCHEME' => 'http'
    'SERVER_PROTOCOL' => 'HTTP/1.1'
    'DOCUMENT_ROOT' => '/vagrant/www/feehi/frontend/web'
    'DOCUMENT_URI' => '/api/index.php'
    'REQUEST_URI' => '/api/articles'
    'SCRIPT_NAME' => '/api/index.php'
    'CONTENT_LENGTH' => ''
    'CONTENT_TYPE' => ''
    'REQUEST_METHOD' => 'GET'
    'QUERY_STRING' => 'r=articles'
    'FCGI_ROLE' => 'RESPONDER'
    'PHP_SELF' => '/api/index.php'
    'REQUEST_TIME_FLOAT' => 1621306120.2974
    'REQUEST_TIME' => 1621306120
]
